Determining if the pthread_create exist failed with the following output:
Change Dir: /home/manujs/CarND-Capstone/ros/build/CMakeFiles/CMakeTmp

Run Build Command:"/usr/bin/make" "cmTryCompileExec1810598970/fast"
/usr/bin/make -f CMakeFiles/cmTryCompileExec1810598970.dir/build.make CMakeFiles/cmTryCompileExec1810598970.dir/build
make[1]: Entering directory `/home/manujs/CarND-Capstone/ros/build/CMakeFiles/CMakeTmp'
/usr/local/bin/cmake -E cmake_progress_report /home/manujs/CarND-Capstone/ros/build/CMakeFiles/CMakeTmp/CMakeFiles 1
Building C object CMakeFiles/cmTryCompileExec1810598970.dir/CheckSymbolExists.c.o
/usr/bin/cc    -o CMakeFiles/cmTryCompileExec1810598970.dir/CheckSymbolExists.c.o   -c /home/manujs/CarND-Capstone/ros/build/CMakeFiles/CMakeTmp/CheckSymbolExists.c
Linking C executable cmTryCompileExec1810598970
/usr/local/bin/cmake -E cmake_link_script CMakeFiles/cmTryCompileExec1810598970.dir/link.txt --verbose=1
/usr/bin/cc       CMakeFiles/cmTryCompileExec1810598970.dir/CheckSymbolExists.c.o  -o cmTryCompileExec1810598970 -rdynamic 
CMakeFiles/cmTryCompileExec1810598970.dir/CheckSymbolExists.c.o: In function `main':
CheckSymbolExists.c:(.text+0x16): undefined reference to `pthread_create'
collect2: error: ld returned 1 exit status
make[1]: *** [cmTryCompileExec1810598970] Error 1
make[1]: Leaving directory `/home/manujs/CarND-Capstone/ros/build/CMakeFiles/CMakeTmp'
make: *** [cmTryCompileExec1810598970/fast] Error 2

File /home/manujs/CarND-Capstone/ros/build/CMakeFiles/CMakeTmp/CheckSymbolExists.c:
/* */
#include <pthread.h>

int main(int argc, char** argv)
{
  (void)argv;
#ifndef pthread_create
  return ((int*)(&pthread_create))[argc];
#else
  (void)argc;
  return 0;
#endif
}

Determining if the function pthread_create exists in the pthreads failed with the following output:
Change Dir: /home/manujs/CarND-Capstone/ros/build/CMakeFiles/CMakeTmp

Run Build Command:"/usr/bin/make" "cmTryCompileExec1054621480/fast"
/usr/bin/make -f CMakeFiles/cmTryCompileExec1054621480.dir/build.make CMakeFiles/cmTryCompileExec1054621480.dir/build
make[1]: Entering directory `/home/manujs/CarND-Capstone/ros/build/CMakeFiles/CMakeTmp'
/usr/local/bin/cmake -E cmake_progress_report /home/manujs/CarND-Capstone/ros/build/CMakeFiles/CMakeTmp/CMakeFiles 1
Building C object CMakeFiles/cmTryCompileExec1054621480.dir/CheckFunctionExists.c.o
/usr/bin/cc   -DCHECK_FUNCTION_EXISTS=pthread_create   -o CMakeFiles/cmTryCompileExec1054621480.dir/CheckFunctionExists.c.o   -c /usr/local/share/cmake-3.2/Modules/CheckFunctionExists.c
Linking C executable cmTryCompileExec1054621480
/usr/local/bin/cmake -E cmake_link_script CMakeFiles/cmTryCompileExec1054621480.dir/link.txt --verbose=1
/usr/bin/cc   -DCHECK_FUNCTION_EXISTS=pthread_create    CMakeFiles/cmTryCompileExec1054621480.dir/CheckFunctionExists.c.o  -o cmTryCompileExec1054621480 -rdynamic -lpthreads 
/usr/bin/ld: cannot find -lpthreads
collect2: error: ld returned 1 exit status
make[1]: *** [cmTryCompileExec1054621480] Error 1
make[1]: Leaving directory `/home/manujs/CarND-Capstone/ros/build/CMakeFiles/CMakeTmp'
make: *** [cmTryCompileExec1054621480/fast] Error 2


